<?xml version="1.0" encoding="UTF-8"?>
<robot generator="Robot 7.4.2 (Python 3.12.8 on win32)" generated="2026-06-24T23:28:49.609682" rpa="false" schemaversion="5">
<suite id="s1" name="Parabank Register User" source="E:\Robot Framework Commerce - PaymentBank\Robot-Framework-Commerce-Automation\TestCases\Parabank\parabank_register_user.robot">
<test id="s1-t1" name="1_Parabank_Register user" line="9">
<kw name="Parabank Launch Application" owner="common_keywords">
<kw name="Load Json From File" owner="JSONLibrary">
<msg time="2026-06-24T23:28:53.078894" level="INFO">${bank_data} = {'app_url': 'https://parabank.parasoft.com/parabank/index.htm', 'register_cust': {'cust_first_name': 'Ram', 'cust_last_name': 'Parabank', 'cust_address': '600 office center drive', 'cust_city': 'Banga...</msg>
<var>${bank_data}</var>
<arg>${test_data_file_path_parabank}</arg>
<doc>Load JSON from file.</doc>
<status status="PASS" start="2026-06-24T23:28:53.074877" elapsed="0.004017"/>
</kw>
<kw name="Set Variable" owner="BuiltIn">
<msg time="2026-06-24T23:28:53.082102" level="INFO">${bank_app_url} = https://parabank.parasoft.com/parabank/index.htm</msg>
<var>${bank_app_url}</var>
<arg>${bank_data}[app_url]</arg>
<doc>Returns the given values which can then be assigned to a variables.</doc>
<status status="PASS" start="2026-06-24T23:28:53.079772" elapsed="0.002330"/>
</kw>
<kw name="Open Browser" owner="SeleniumLibrary">
<msg time="2026-06-24T23:28:53.083103" level="INFO">Opening browser 'Chrome' to base url 'https://parabank.parasoft.com/parabank/index.htm'.</msg>
<arg>${bank_app_url}</arg>
<arg>Chrome</arg>
<doc>Opens a new browser instance to the optional ``url``.</doc>
<status status="PASS" start="2026-06-24T23:28:53.083103" elapsed="15.316414"/>
</kw>
<kw name="Maximize Browser Window" owner="SeleniumLibrary">
<doc>Maximizes current browser window.</doc>
<status status="PASS" start="2026-06-24T23:29:08.400520" elapsed="0.060798"/>
</kw>
<status status="PASS" start="2026-06-24T23:28:53.059249" elapsed="15.403074"/>
</kw>
<kw name="Click Register Link on homepage" owner="parabank_homepage_objects">
<kw name="Wait Until Element Is Visible" owner="SeleniumLibrary">
<arg>${register_link}</arg>
<doc>Waits until the element ``locator`` is visible.</doc>
<status status="PASS" start="2026-06-24T23:29:08.467470" elapsed="0.094458"/>
</kw>
<kw name="Click Element" owner="SeleniumLibrary">
<msg time="2026-06-24T23:29:08.561928" level="INFO">Clicking element 'xpath://a[text()='Register']'.</msg>
<arg>${register_link}</arg>
<doc>Click the element identified by ``locator``.</doc>
<status status="PASS" start="2026-06-24T23:29:08.561928" elapsed="1.461472"/>
</kw>
<status status="PASS" start="2026-06-24T23:29:08.466470" elapsed="1.557935"/>
</kw>
<kw name="Register the user and Validate" owner="parabank_registerpage_objects">
<kw name="Load Json From File" owner="JSONLibrary">
<msg time="2026-06-24T23:29:10.035717" level="INFO">${parabank_data} = {'app_url': 'https://parabank.parasoft.com/parabank/index.htm', 'register_cust': {'cust_first_name': 'Ram', 'cust_last_name': 'Parabank', 'cust_address': '600 office center drive', 'cust_city': 'Banga...</msg>
<var>${parabank_data}</var>
<arg>Utilities/testdata_bank.json</arg>
<doc>Load JSON from file.</doc>
<status status="PASS" start="2026-06-24T23:29:10.033720" elapsed="0.003010"/>
</kw>
<kw name="Set Variable" owner="BuiltIn">
<msg time="2026-06-24T23:29:10.039715" level="INFO">${user_fn} = Ram</msg>
<var>${user_fn}</var>
<arg>${parabank_data}[register_cust][cust_first_name]</arg>
<doc>Returns the given values which can then be assigned to a variables.</doc>
<status status="PASS" start="2026-06-24T23:29:10.037716" elapsed="0.001999"/>
</kw>
<kw name="Set Variable" owner="BuiltIn">
<msg time="2026-06-24T23:29:10.041713" level="INFO">${user_ln} = Parabank</msg>
<var>${user_ln}</var>
<arg>${parabank_data}[register_cust][cust_last_name]</arg>
<doc>Returns the given values which can then be assigned to a variables.</doc>
<status status="PASS" start="2026-06-24T23:29:10.040713" elapsed="0.001000"/>
</kw>
<kw name="Set Variable" owner="BuiltIn">
<msg time="2026-06-24T23:29:10.044714" level="INFO">${user_address} = 600 office center drive</msg>
<var>${user_address}</var>
<arg>${parabank_data}[register_cust][cust_address]</arg>
<doc>Returns the given values which can then be assigned to a variables.</doc>
<status status="PASS" start="2026-06-24T23:29:10.042827" elapsed="0.001887"/>
</kw>
<kw name="Set Variable" owner="BuiltIn">
<msg time="2026-06-24T23:29:10.049094" level="INFO">${user_city} = Bangalore</msg>
<var>${user_city}</var>
<arg>${parabank_data}[register_cust][cust_city]</arg>
<doc>Returns the given values which can then be assigned to a variables.</doc>
<status status="PASS" start="2026-06-24T23:29:10.045712" elapsed="0.003382"/>
</kw>
<kw name="Set Variable" owner="BuiltIn">
<msg time="2026-06-24T23:29:10.051089" level="INFO">${user_state} = KA</msg>
<var>${user_state}</var>
<arg>${parabank_data}[register_cust][cust_state]</arg>
<doc>Returns the given values which can then be assigned to a variables.</doc>
<status status="PASS" start="2026-06-24T23:29:10.049094" elapsed="0.001995"/>
</kw>
<kw name="Set Variable" owner="BuiltIn">
<msg time="2026-06-24T23:29:10.053087" level="INFO">${user_zip} = 568995</msg>
<var>${user_zip}</var>
<arg>${parabank_data}[register_cust][cust_zip]</arg>
<doc>Returns the given values which can then be assigned to a variables.</doc>
<status status="PASS" start="2026-06-24T23:29:10.051089" elapsed="0.001998"/>
</kw>
<kw name="Set Variable" owner="BuiltIn">
<msg time="2026-06-24T23:29:10.055086" level="INFO">${user_phone} = 0988889898</msg>
<var>${user_phone}</var>
<arg>${parabank_data}[register_cust][cust_phone]</arg>
<doc>Returns the given values which can then be assigned to a variables.</doc>
<status status="PASS" start="2026-06-24T23:29:10.053087" elapsed="0.001999"/>
</kw>
<kw name="Set Variable" owner="BuiltIn">
<msg time="2026-06-24T23:29:10.056085" level="INFO">${user_ssn} = 9089</msg>
<var>${user_ssn}</var>
<arg>${parabank_data}[register_cust][cust_ssn]</arg>
<doc>Returns the given values which can then be assigned to a variables.</doc>
<status status="PASS" start="2026-06-24T23:29:10.055086" elapsed="0.002001"/>
</kw>
<kw name="Generate Email" owner="reusables">
<msg time="2026-06-24T23:29:10.057087" level="INFO">${user_name_email} = ram9988@robot.com</msg>
<var>${user_name_email}</var>
<status status="PASS" start="2026-06-24T23:29:10.057087" elapsed="0.000995"/>
</kw>
<kw name="Set Variable" owner="BuiltIn">
<msg time="2026-06-24T23:29:10.061719" level="INFO">${user_password} = Password1234!</msg>
<var>${user_password}</var>
<arg>${parabank_data}[register_cust][cust_password]</arg>
<doc>Returns the given values which can then be assigned to a variables.</doc>
<status status="PASS" start="2026-06-24T23:29:10.058082" elapsed="0.004624"/>
</kw>
<kw name="Sleep" owner="BuiltIn">
<msg time="2026-06-24T23:29:13.064897" level="INFO">Slept 3 seconds.</msg>
<arg>3s</arg>
<doc>Pauses the test executed for the given time.</doc>
<status status="PASS" start="2026-06-24T23:29:10.063703" elapsed="3.001194"/>
</kw>
<kw name="Input Text" owner="SeleniumLibrary">
<msg time="2026-06-24T23:29:13.064897" level="INFO">Typing text 'Ram' into text field 'xpath://input[@id='customer.firstName']'.</msg>
<arg>${para_first_name}</arg>
<arg>${user_fn}</arg>
<doc>Types the given ``text`` into the text field identified by ``locator``.</doc>
<status status="PASS" start="2026-06-24T23:29:13.064897" elapsed="0.363499"/>
</kw>
<kw name="Input Text" owner="SeleniumLibrary">
<msg time="2026-06-24T23:29:13.430394" level="INFO">Typing text 'Parabank' into text field 'xpath://input[@id='customer.lastName']'.</msg>
<arg>${para_last_name}</arg>
<arg>${user_ln}</arg>
<doc>Types the given ``text`` into the text field identified by ``locator``.</doc>
<status status="PASS" start="2026-06-24T23:29:13.429395" elapsed="0.166759"/>
</kw>
<kw name="Input Text" owner="SeleniumLibrary">
<msg time="2026-06-24T23:29:13.596154" level="INFO">Typing text '600 office center drive' into text field 'xpath://input[@id='customer.address.street']'.</msg>
<arg>${para_address}</arg>
<arg>${user_address}</arg>
<doc>Types the given ``text`` into the text field identified by ``locator``.</doc>
<status status="PASS" start="2026-06-24T23:29:13.596154" elapsed="0.231945"/>
</kw>
<kw name="Input Text" owner="SeleniumLibrary">
<msg time="2026-06-24T23:29:13.828099" level="INFO">Typing text 'Bangalore' into text field 'xpath://input[@id='customer.address.city']'.</msg>
<arg>${para_city}</arg>
<arg>${user_city}</arg>
<doc>Types the given ``text`` into the text field identified by ``locator``.</doc>
<status status="PASS" start="2026-06-24T23:29:13.828099" elapsed="0.167013"/>
</kw>
<kw name="Input Text" owner="SeleniumLibrary">
<msg time="2026-06-24T23:29:13.995112" level="INFO">Typing text 'KA' into text field 'xpath://input[@id='customer.address.state']'.</msg>
<arg>${para_state}</arg>
<arg>${user_state}</arg>
<doc>Types the given ``text`` into the text field identified by ``locator``.</doc>
<status status="PASS" start="2026-06-24T23:29:13.995112" elapsed="0.165003"/>
</kw>
<kw name="Input Text" owner="SeleniumLibrary">
<msg time="2026-06-24T23:29:14.160115" level="INFO">Typing text '568995' into text field 'xpath://input[@id='customer.address.zipCode']'.</msg>
<arg>${para_zip_code}</arg>
<arg>${user_zip}</arg>
<doc>Types the given ``text`` into the text field identified by ``locator``.</doc>
<status status="PASS" start="2026-06-24T23:29:14.160115" elapsed="0.169455"/>
</kw>
<kw name="Input Text" owner="SeleniumLibrary">
<msg time="2026-06-24T23:29:14.329570" level="INFO">Typing text '0988889898' into text field 'xpath://input[@id='customer.phoneNumber']'.</msg>
<arg>${para_phone_number}</arg>
<arg>${user_phone}</arg>
<doc>Types the given ``text`` into the text field identified by ``locator``.</doc>
<status status="PASS" start="2026-06-24T23:29:14.329570" elapsed="0.213705"/>
</kw>
<kw name="Input Text" owner="SeleniumLibrary">
<msg time="2026-06-24T23:29:14.543275" level="INFO">Typing text '9089' into text field 'xpath://input[@id='customer.ssn']'.</msg>
<arg>${para_ssn}</arg>
<arg>${user_ssn}</arg>
<doc>Types the given ``text`` into the text field identified by ``locator``.</doc>
<status status="PASS" start="2026-06-24T23:29:14.543275" elapsed="0.164290"/>
</kw>
<kw name="Input Text" owner="SeleniumLibrary">
<msg time="2026-06-24T23:29:14.724323" level="INFO">Typing text 'ram9988@robot.com' into text field 'xpath://input[@id='customer.username']'.</msg>
<arg>${para_username_email}</arg>
<arg>${user_name_email}</arg>
<doc>Types the given ``text`` into the text field identified by ``locator``.</doc>
<status status="PASS" start="2026-06-24T23:29:14.707565" elapsed="0.232125"/>
</kw>
<kw name="Input Text" owner="SeleniumLibrary">
<msg time="2026-06-24T23:29:14.939690" level="INFO">Typing text 'Password1234!' into text field 'xpath://input[@id='customer.password']'.</msg>
<arg>${para_password}</arg>
<arg>${user_password}</arg>
<doc>Types the given ``text`` into the text field identified by ``locator``.</doc>
<status status="PASS" start="2026-06-24T23:29:14.939690" elapsed="0.202439"/>
</kw>
<kw name="Input Text" owner="SeleniumLibrary">
<msg time="2026-06-24T23:29:15.144131" level="INFO">Typing text 'Password1234!' into text field 'xpath://input[@id='repeatedPassword']'.</msg>
<arg>${para_confirm_password}</arg>
<arg>${user_password}</arg>
<doc>Types the given ``text`` into the text field identified by ``locator``.</doc>
<status status="PASS" start="2026-06-24T23:29:15.143129" elapsed="0.198229"/>
</kw>
<kw name="Click Element" owner="SeleniumLibrary">
<msg time="2026-06-24T23:29:15.342354" level="INFO">Clicking element 'xpath://input[@value='Register']'.</msg>
<arg>${para_register_button}</arg>
<doc>Click the element identified by ``locator``.</doc>
<status status="PASS" start="2026-06-24T23:29:15.341358" elapsed="0.457373"/>
</kw>
<status status="PASS" start="2026-06-24T23:29:10.032720" elapsed="5.767015"/>
</kw>
<kw name="Close the browsering session" owner="common_keywords">
<kw name="Close All Browsers" owner="SeleniumLibrary">
<doc>Closes all open browsers and resets the browser cache.</doc>
<status status="PASS" start="2026-06-24T23:29:15.803144" elapsed="2.733963"/>
</kw>
<status status="PASS" start="2026-06-24T23:29:15.801230" elapsed="2.735877"/>
</kw>
<doc>Parabank user registers</doc>
<status status="PASS" start="2026-06-24T23:28:53.059249" elapsed="25.478287"/>
</test>
<status status="PASS" start="2026-06-24T23:28:49.609682" elapsed="28.927854"/>
</suite>
<statistics>
<total>
<stat pass="1" fail="0" skip="0">All Tests</stat>
</total>
<tag>
</tag>
<suite>
<stat name="Parabank Register User" id="s1" pass="1" fail="0" skip="0">Parabank Register User</stat>
</suite>
</statistics>
<errors>
</errors>
</robot>
