<?xml version="1.0" encoding="UTF-8"?>
<robot generator="Robot 7.4.2 (Python 3.12.8 on win32)" generated="2026-06-19T19:23:18.795623" rpa="false" schemaversion="5">
<suite id="s1" name="Homepage Scenarios" source="G:\Robot Framework Commerce Automation\TestCases\homepage_scenarios.robot">
<kw name="Log To Console" owner="BuiltIn" type="SETUP">
<arg>Homepage scenarios start</arg>
<doc>Logs the given message to the console.</doc>
<status status="PASS" start="2026-06-19T19:23:19.578165" elapsed="0.000000"/>
</kw>
<test id="s1-t1" name="1_Validate Search functionality" line="14">
<kw name="Launch browser and launch application" owner="common_keywords" type="SETUP">
<kw name="Load Json From File" owner="JSONLibrary">
<msg time="2026-06-19T19:23:19.578165" level="INFO">${data} = {'url': 'https://demowebshop.tricentis.com/', 'registration': {'first_name': 'Ram', 'last_name': 'Chig', 'email': 'rc2@robot.com', 'password': 'testme123'}, 'giftcard': {'recipient_name': 'John', 'rec...</msg>
<var>${data}</var>
<arg>G:\\Robot Framework Commerce Automation\\Utilities\\testdata.json</arg>
<doc>Load JSON from file.</doc>
<status status="PASS" start="2026-06-19T19:23:19.578165" elapsed="0.000000"/>
</kw>
<kw name="Set Variable" owner="BuiltIn">
<msg time="2026-06-19T19:23:19.578165" level="INFO">${url} = https://demowebshop.tricentis.com/</msg>
<var>${url}</var>
<arg>${data}[url]</arg>
<doc>Returns the given values which can then be assigned to a variables.</doc>
<status status="PASS" start="2026-06-19T19:23:19.578165" elapsed="0.000000"/>
</kw>
<kw name="Open Browser" owner="SeleniumLibrary">
<msg time="2026-06-19T19:23:19.578165" level="INFO">Opening browser 'Chrome' to base url 'https://demowebshop.tricentis.com/'.</msg>
<arg>${url}</arg>
<arg>Chrome</arg>
<doc>Opens a new browser instance to the optional ``url``.</doc>
<status status="PASS" start="2026-06-19T19:23:19.578165" elapsed="6.900174"/>
</kw>
<kw name="Delete All Cookies" owner="SeleniumLibrary">
<doc>Deletes all cookies.</doc>
<status status="PASS" start="2026-06-19T19:23:26.479337" elapsed="0.994906"/>
</kw>
<kw name="Maximize Browser Window" owner="SeleniumLibrary">
<doc>Maximizes current browser window.</doc>
<status status="PASS" start="2026-06-19T19:23:27.474243" elapsed="0.091312"/>
</kw>
<status status="PASS" start="2026-06-19T19:23:19.578165" elapsed="7.987390"/>
</kw>
<kw name="Validate Search item functionality" owner="homepage_objects">
<kw name="Wait Until Element Is Visible" owner="SeleniumLibrary">
<arg>${search_filed}</arg>
<doc>Waits until the element ``locator`` is visible.</doc>
<status status="PASS" start="2026-06-19T19:23:27.567554" elapsed="0.069534"/>
</kw>
<kw name="Input Text" owner="SeleniumLibrary">
<msg time="2026-06-19T19:23:27.638091" level="INFO">Typing text 'handbag' into text field 'id:small-searchterms'.</msg>
<arg>${search_filed}</arg>
<arg>handbag</arg>
<doc>Types the given ``text`` into the text field identified by ``locator``.</doc>
<status status="PASS" start="2026-06-19T19:23:27.638091" elapsed="0.204652"/>
</kw>
<kw name="Wait Until Element Is Visible" owner="SeleniumLibrary">
<arg>${search_item}</arg>
<doc>Waits until the element ``locator`` is visible.</doc>
<status status="PASS" start="2026-06-19T19:23:27.842743" elapsed="0.929316"/>
</kw>
<kw name="Click Element" owner="SeleniumLibrary">
<msg time="2026-06-19T19:23:28.772558" level="INFO">Clicking element 'xpath=//ul[@id='ui-id-1']'.</msg>
<arg>${search_item}</arg>
<doc>Click the element identified by ``locator``.</doc>
<status status="PASS" start="2026-06-19T19:23:28.772558" elapsed="1.488623"/>
</kw>
<kw name="Wait Until Element Is Visible" owner="SeleniumLibrary">
<arg>${search_result}</arg>
<doc>Waits until the element ``locator`` is visible.</doc>
<status status="PASS" start="2026-06-19T19:23:30.261181" elapsed="0.038702"/>
</kw>
<kw name="Element Should Contain" owner="SeleniumLibrary">
<msg time="2026-06-19T19:23:30.322839" level="INFO">Element 'xpath://strong[@class='current-item']' contains text 'Handbag'.</msg>
<arg>${search_result}</arg>
<arg>Handbag</arg>
<arg>ignore_case=True</arg>
<doc>Verifies that element ``locator`` contains text ``expected``.</doc>
<status status="PASS" start="2026-06-19T19:23:30.299883" elapsed="0.022956"/>
</kw>
<kw name="Sleep" owner="BuiltIn">
<msg time="2026-06-19T19:23:34.323386" level="INFO">Slept 4 seconds.</msg>
<arg>4s</arg>
<doc>Pauses the test executed for the given time.</doc>
<status status="PASS" start="2026-06-19T19:23:30.322839" elapsed="4.000547"/>
</kw>
<status status="PASS" start="2026-06-19T19:23:27.566556" elapsed="6.756830"/>
</kw>
<kw name="Close the browsering session" owner="common_keywords" type="TEARDOWN">
<kw name="Close All Browsers" owner="SeleniumLibrary">
<doc>Closes all open browsers and resets the browser cache.</doc>
<status status="PASS" start="2026-06-19T19:23:34.323386" elapsed="2.632432"/>
</kw>
<status status="PASS" start="2026-06-19T19:23:34.323386" elapsed="2.632432"/>
</kw>
<tag>sanity</tag>
<status status="PASS" start="2026-06-19T19:23:19.578165" elapsed="17.377653"/>
</test>
<kw name="Log To Console" owner="BuiltIn" type="TEARDOWN">
<arg>Homepage scenarios end</arg>
<doc>Logs the given message to the console.</doc>
<status status="PASS" start="2026-06-19T19:23:36.955818" elapsed="0.000000"/>
</kw>
<status status="PASS" start="2026-06-19T19:23:18.795623" elapsed="18.160195"/>
</suite>
<statistics>
<total>
<stat pass="1" fail="0" skip="0">All Tests</stat>
</total>
<tag>
<stat pass="1" fail="0" skip="0">sanity</stat>
</tag>
<suite>
<stat name="Homepage Scenarios" id="s1" pass="1" fail="0" skip="0">Homepage Scenarios</stat>
</suite>
</statistics>
<errors>
</errors>
</robot>
